<?xml version="1.0" encoding="UTF-8"?>
<testsuite name="com.musiclog.MusiclogApplicationTests" tests="1" skipped="0" failures="0" errors="0" timestamp="2023-10-08T12:31:59" hostname="jeongsang-yun-ui-MacBookAir.local" time="0.002">
  <properties/>
  <testcase name="contextLoads()" classname="com.musiclog.MusiclogApplicationTests" time="0.002"/>
  <system-out><![CDATA[2023-10-08T21:31:58.570+09:00  INFO 11619 --- [    Test worker] t.c.s.AnnotationConfigContextLoaderUtils : Could not detect default configuration classes for test class [com.musiclog.MusiclogApplicationTests]: MusiclogApplicationTests does not declare any static, non-private, non-final, nested classes annotated with @Configuration.
2023-10-08T21:31:58.576+09:00  INFO 11619 --- [    Test worker] .b.t.c.SpringBootTestContextBootstrapper : Found @SpringBootConfiguration com.musiclog.MusiclogApplication for test class com.musiclog.MusiclogApplicationTests

  .   ____          _            __ _ _
 /\\ / ___'_ __ _ _(_)_ __  __ _ \ \ \ \
( ( )\___ | '_ | '_| | '_ \/ _` | \ \ \ \
 \\/  ___)| |_)| | | | | || (_| |  ) ) ) )
  '  |____| .__|_| |_|_| |_\__, | / / / /
 =========|_|==============|___/=/_/_/_/
 :: Spring Boot ::                (v3.1.4)

2023-10-08T21:31:58.598+09:00  INFO 11619 --- [    Test worker] com.musiclog.MusiclogApplicationTests    : Starting MusiclogApplicationTests using Java 17.0.7 with PID 11619 (started by jeongsang-yun in /Users/jeongsang-yun/Documents/GitHub/musiclog)
2023-10-08T21:31:58.599+09:00  INFO 11619 --- [    Test worker] com.musiclog.MusiclogApplicationTests    : No active profile set, falling back to 1 default profile: "default"
2023-10-08T21:31:58.731+09:00  INFO 11619 --- [    Test worker] .s.d.r.c.RepositoryConfigurationDelegate : Bootstrapping Spring Data JPA repositories in DEFAULT mode.
2023-10-08T21:31:58.748+09:00  INFO 11619 --- [    Test worker] .s.d.r.c.RepositoryConfigurationDelegate : Finished Spring Data repository scanning in 16 ms. Found 3 JPA repository interfaces.
2023-10-08T21:31:58.839+09:00  INFO 11619 --- [    Test worker] com.zaxxer.hikari.HikariDataSource       : HikariPool-2 - Starting...
2023-10-08T21:31:58.840+09:00  INFO 11619 --- [    Test worker] com.zaxxer.hikari.pool.HikariPool        : HikariPool-2 - Added connection conn10: url=jdbc:h2:mem:musiclog:NON_KEYWORDS=USER user=SA
2023-10-08T21:31:58.840+09:00  INFO 11619 --- [    Test worker] com.zaxxer.hikari.HikariDataSource       : HikariPool-2 - Start completed.
2023-10-08T21:31:58.841+09:00  INFO 11619 --- [    Test worker] o.hibernate.jpa.internal.util.LogHelper  : HHH000204: Processing PersistenceUnitInfo [name: default]
2023-10-08T21:31:58.846+09:00  INFO 11619 --- [    Test worker] o.h.b.i.BytecodeProviderInitiator        : HHH000021: Bytecode provider name : bytebuddy
2023-10-08T21:31:58.846+09:00  INFO 11619 --- [    Test worker] o.s.o.j.p.SpringPersistenceUnitInfo      : No LoadTimeWeaver setup: ignoring JPA class transformer
2023-10-08T21:31:58.856+09:00  INFO 11619 --- [    Test worker] o.h.b.i.BytecodeProviderInitiator        : HHH000021: Bytecode provider name : bytebuddy
2023-10-08T21:31:58.891+09:00  INFO 11619 --- [    Test worker] o.h.e.t.j.p.i.JtaPlatformInitiator       : HHH000490: Using JtaPlatform implementation: [org.hibernate.engine.transaction.jta.platform.internal.NoJtaPlatform]
2023-10-08T21:31:58.897+09:00  INFO 11619 --- [    Test worker] j.LocalContainerEntityManagerFactoryBean : Initialized JPA EntityManagerFactory for persistence unit 'default'
2023-10-08T21:31:59.064+09:00  WARN 11619 --- [    Test worker] JpaBaseConfiguration$JpaWebConfiguration : spring.jpa.open-in-view is enabled by default. Therefore, database queries may be performed during view rendering. Explicitly configure spring.jpa.open-in-view to disable this warning
2023-10-08T21:31:59.089+09:00  INFO 11619 --- [    Test worker] o.s.s.web.DefaultSecurityFilterChain     : Will secure any request with [org.springframework.security.web.session.DisableEncodeUrlFilter@6ec2be63, org.springframework.security.web.context.request.async.WebAsyncManagerIntegrationFilter@79658fe5, org.springframework.security.web.context.SecurityContextHolderFilter@1331742, org.springframework.security.web.header.HeaderWriterFilter@3b21b0f5, org.springframework.security.web.authentication.logout.LogoutFilter@47b7bcb6, com.musiclog.config.filter.EmailPasswordAuthFilter@2d6d0cf6, org.springframework.security.web.savedrequest.RequestCacheAwareFilter@38c61ab, org.springframework.security.web.servletapi.SecurityContextHolderAwareRequestFilter@68378acc, org.springframework.security.web.authentication.rememberme.RememberMeAuthenticationFilter@14eae244, org.springframework.security.web.authentication.AnonymousAuthenticationFilter@16f108a4, org.springframework.security.web.access.ExceptionTranslationFilter@2149532d, org.springframework.security.web.access.intercept.AuthorizationFilter@73e3831e]
2023-10-08T21:31:59.090+09:00  WARN 11619 --- [    Test worker] o.s.s.c.a.web.builders.WebSecurity       : You are asking Spring Security to ignore Ant [pattern='/favicon.ico']. This is not recommended -- please use permitAll via HttpSecurity#authorizeHttpRequests instead.
2023-10-08T21:31:59.090+09:00  INFO 11619 --- [    Test worker] o.s.s.web.DefaultSecurityFilterChain     : Will not secure Ant [pattern='/favicon.ico']
2023-10-08T21:31:59.090+09:00  WARN 11619 --- [    Test worker] o.s.s.c.a.web.builders.WebSecurity       : You are asking Spring Security to ignore Ant [pattern='/error']. This is not recommended -- please use permitAll via HttpSecurity#authorizeHttpRequests instead.
2023-10-08T21:31:59.090+09:00  INFO 11619 --- [    Test worker] o.s.s.web.DefaultSecurityFilterChain     : Will not secure Ant [pattern='/error']
2023-10-08T21:31:59.091+09:00  WARN 11619 --- [    Test worker] o.s.s.c.a.web.builders.WebSecurity       : You are asking Spring Security to ignore org.springframework.boot.autoconfigure.security.servlet.PathRequest$H2ConsoleRequestMatcher@61ac8777. This is not recommended -- please use permitAll via HttpSecurity#authorizeHttpRequests instead.
2023-10-08T21:31:59.091+09:00  INFO 11619 --- [    Test worker] o.s.s.web.DefaultSecurityFilterChain     : Will not secure org.springframework.boot.autoconfigure.security.servlet.PathRequest$H2ConsoleRequestMatcher@61ac8777
2023-10-08T21:31:59.091+09:00  WARN 11619 --- [    Test worker] o.s.s.c.a.web.builders.WebSecurity       : 

********************************************************************
**********        Security debugging is enabled.       *************
**********    This may include sensitive information.  *************
**********      Do not use in a production system!     *************
********************************************************************


2023-10-08T21:31:59.220+09:00  INFO 11619 --- [    Test worker] o.s.b.a.h2.H2ConsoleAutoConfiguration    : H2 console available at '/h2-console'. Database available at 'jdbc:h2:mem:musiclog:NON_KEYWORDS=USER'
2023-10-08T21:31:59.274+09:00  INFO 11619 --- [    Test worker] com.musiclog.MusiclogApplicationTests    : Started MusiclogApplicationTests in 0.694 seconds (process running for 6.273)
]]></system-out>
  <system-err><![CDATA[]]></system-err>
</testsuite>
