<?xml version="1.0" encoding="UTF-8"?>
<testsuite name="com.musiclog.controller.PostControllerDocTest" tests="2" skipped="0" failures="0" errors="0" timestamp="2023-09-30T23:11:44" hostname="jeongsang-yun-ui-MacBookAir.local" time="0.075">
  <properties/>
  <testcase name="글 단건 조회" classname="com.musiclog.controller.PostControllerDocTest" time="0.054"/>
  <testcase name="글 등록" classname="com.musiclog.controller.PostControllerDocTest" time="0.02"/>
  <system-out><![CDATA[2023-10-01T08:11:43.612+09:00  INFO 2067 --- [    Test worker] t.c.s.AnnotationConfigContextLoaderUtils : Could not detect default configuration classes for test class [com.musiclog.controller.PostControllerDocTest]: PostControllerDocTest does not declare any static, non-private, non-final, nested classes annotated with @Configuration.
2023-10-01T08:11:43.614+09:00  INFO 2067 --- [    Test worker] .b.t.c.SpringBootTestContextBootstrapper : Found @SpringBootConfiguration com.musiclog.MusiclogApplication for test class com.musiclog.controller.PostControllerDocTest

  .   ____          _            __ _ _
 /\\ / ___'_ __ _ _(_)_ __  __ _ \ \ \ \
( ( )\___ | '_ | '_| | '_ \/ _` | \ \ \ \
 \\/  ___)| |_)| | | | | || (_| |  ) ) ) )
  '  |____| .__|_| |_|_| |_\__, | / / / /
 =========|_|==============|___/=/_/_/_/
 :: Spring Boot ::                (v3.1.1)

2023-10-01T08:11:43.628+09:00  INFO 2067 --- [    Test worker] c.m.controller.PostControllerDocTest     : Starting PostControllerDocTest using Java 17.0.7 with PID 2067 (started by jeongsang-yun in /Users/jeongsang-yun/Documents/GitHub/musiclog)
2023-10-01T08:11:43.629+09:00  INFO 2067 --- [    Test worker] c.m.controller.PostControllerDocTest     : No active profile set, falling back to 1 default profile: "default"
2023-10-01T08:11:43.750+09:00  INFO 2067 --- [    Test worker] .s.d.r.c.RepositoryConfigurationDelegate : Bootstrapping Spring Data JPA repositories in DEFAULT mode.
2023-10-01T08:11:43.764+09:00  INFO 2067 --- [    Test worker] .s.d.r.c.RepositoryConfigurationDelegate : Finished Spring Data repository scanning in 13 ms. Found 3 JPA repository interfaces.
2023-10-01T08:11:43.848+09:00  INFO 2067 --- [    Test worker] com.zaxxer.hikari.HikariDataSource       : HikariPool-3 - Starting...
2023-10-01T08:11:43.848+09:00  INFO 2067 --- [    Test worker] com.zaxxer.hikari.pool.HikariPool        : HikariPool-3 - Added connection conn20: url=jdbc:h2:mem:musiclog:NON_KEYWORDS=USER user=SA
2023-10-01T08:11:43.848+09:00  INFO 2067 --- [    Test worker] com.zaxxer.hikari.HikariDataSource       : HikariPool-3 - Start completed.
2023-10-01T08:11:43.850+09:00  INFO 2067 --- [    Test worker] o.hibernate.jpa.internal.util.LogHelper  : HHH000204: Processing PersistenceUnitInfo [name: default]
2023-10-01T08:11:43.856+09:00  INFO 2067 --- [    Test worker] o.h.b.i.BytecodeProviderInitiator        : HHH000021: Bytecode provider name : bytebuddy
2023-10-01T08:11:43.856+09:00  INFO 2067 --- [    Test worker] o.s.o.j.p.SpringPersistenceUnitInfo      : No LoadTimeWeaver setup: ignoring JPA class transformer
2023-10-01T08:11:43.872+09:00  INFO 2067 --- [    Test worker] o.h.b.i.BytecodeProviderInitiator        : HHH000021: Bytecode provider name : bytebuddy
2023-10-01T08:11:43.906+09:00  INFO 2067 --- [    Test worker] o.h.e.t.j.p.i.JtaPlatformInitiator       : HHH000490: Using JtaPlatform implementation: [org.hibernate.engine.transaction.jta.platform.internal.NoJtaPlatform]
2023-10-01T08:11:43.912+09:00  INFO 2067 --- [    Test worker] j.LocalContainerEntityManagerFactoryBean : Initialized JPA EntityManagerFactory for persistence unit 'default'
2023-10-01T08:11:44.154+09:00  WARN 2067 --- [    Test worker] JpaBaseConfiguration$JpaWebConfiguration : spring.jpa.open-in-view is enabled by default. Therefore, database queries may be performed during view rendering. Explicitly configure spring.jpa.open-in-view to disable this warning
2023-10-01T08:11:44.209+09:00  INFO 2067 --- [    Test worker] o.s.s.web.DefaultSecurityFilterChain     : Will secure any request with [org.springframework.security.web.session.DisableEncodeUrlFilter@5128197f, org.springframework.security.web.context.request.async.WebAsyncManagerIntegrationFilter@2b56774b, org.springframework.security.web.context.SecurityContextHolderFilter@1af2c5c8, org.springframework.security.web.header.HeaderWriterFilter@cfec1ec, org.springframework.security.web.authentication.logout.LogoutFilter@6a7b523b, com.musiclog.config.filter.EmailPasswordAuthFilter@7c74d262, org.springframework.security.web.savedrequest.RequestCacheAwareFilter@3f5298a5, org.springframework.security.web.servletapi.SecurityContextHolderAwareRequestFilter@1ca0546a, org.springframework.security.web.authentication.rememberme.RememberMeAuthenticationFilter@617275e0, org.springframework.security.web.authentication.AnonymousAuthenticationFilter@27b94ed9, org.springframework.security.web.access.ExceptionTranslationFilter@2040722f, org.springframework.security.web.access.intercept.AuthorizationFilter@5f5a7737]
2023-10-01T08:11:44.276+09:00  WARN 2067 --- [    Test worker] o.s.s.c.a.web.builders.WebSecurity       : You are asking Spring Security to ignore Mvc [pattern='/favicon.ico']. This is not recommended -- please use permitAll via HttpSecurity#authorizeHttpRequests instead.
2023-10-01T08:11:44.277+09:00  INFO 2067 --- [    Test worker] o.s.s.web.DefaultSecurityFilterChain     : Will not secure Mvc [pattern='/favicon.ico']
2023-10-01T08:11:44.277+09:00  WARN 2067 --- [    Test worker] o.s.s.c.a.web.builders.WebSecurity       : You are asking Spring Security to ignore Mvc [pattern='/error']. This is not recommended -- please use permitAll via HttpSecurity#authorizeHttpRequests instead.
2023-10-01T08:11:44.277+09:00  INFO 2067 --- [    Test worker] o.s.s.web.DefaultSecurityFilterChain     : Will not secure Mvc [pattern='/error']
2023-10-01T08:11:44.277+09:00  WARN 2067 --- [    Test worker] o.s.s.c.a.web.builders.WebSecurity       : You are asking Spring Security to ignore org.springframework.boot.autoconfigure.security.servlet.PathRequest$H2ConsoleRequestMatcher@1c07b091. This is not recommended -- please use permitAll via HttpSecurity#authorizeHttpRequests instead.
2023-10-01T08:11:44.277+09:00  INFO 2067 --- [    Test worker] o.s.s.web.DefaultSecurityFilterChain     : Will not secure org.springframework.boot.autoconfigure.security.servlet.PathRequest$H2ConsoleRequestMatcher@1c07b091
2023-10-01T08:11:44.277+09:00  WARN 2067 --- [    Test worker] o.s.s.c.a.web.builders.WebSecurity       : 

********************************************************************
**********        Security debugging is enabled.       *************
**********    This may include sensitive information.  *************
**********      Do not use in a production system!     *************
********************************************************************


2023-10-01T08:11:44.358+09:00  INFO 2067 --- [    Test worker] o.s.b.a.h2.H2ConsoleAutoConfiguration    : H2 console available at '/h2-console'. Database available at 'jdbc:h2:mem:musiclog:NON_KEYWORDS=USER'
2023-10-01T08:11:44.410+09:00  INFO 2067 --- [    Test worker] o.s.b.t.m.w.SpringBootMockServletContext : Initializing Spring TestDispatcherServlet ''
2023-10-01T08:11:44.410+09:00  INFO 2067 --- [    Test worker] o.s.t.web.servlet.TestDispatcherServlet  : Initializing Servlet ''
2023-10-01T08:11:44.411+09:00  INFO 2067 --- [    Test worker] o.s.t.web.servlet.TestDispatcherServlet  : Completed initialization in 1 ms
2023-10-01T08:11:44.417+09:00  INFO 2067 --- [    Test worker] c.m.controller.PostControllerDocTest     : Started PostControllerDocTest in 0.801 seconds (process running for 8.116)
2023-10-01T08:11:44.435+09:00  INFO 2067 --- [    Test worker] Spring Security Debugger                 : 

************************************************************

Request received for GET '/posts/1':

org.springframework.session.web.http.SessionRepositoryFilter$SessionRepositoryRequestWrapper@4127f82a

servletPath:
pathInfo:/posts/1
headers: 
Accept: application/json


Security filter chain: [
  DisableEncodeUrlFilter
  WebAsyncManagerIntegrationFilter
  SecurityContextHolderFilter
  HeaderWriterFilter
  LogoutFilter
  EmailPasswordAuthFilter
  RequestCacheAwareFilter
  SecurityContextHolderAwareRequestFilter
  RememberMeAuthenticationFilter
  AnonymousAuthenticationFilter
  ExceptionTranslationFilter
  AuthorizationFilter
]


************************************************************



MockHttpServletRequest:
      HTTP Method = GET
      Request URI = /posts/1
       Parameters = {}
          Headers = [Accept:"application/json"]
             Body = null
    Session Attrs = {}

Handler:
             Type = com.musiclog.controller.PostController
           Method = com.musiclog.controller.PostController#get(Long)

Async:
    Async started = false
     Async result = null

Resolved Exception:
             Type = null

ModelAndView:
        View name = null
             View = null
            Model = null

FlashMap:
       Attributes = null

MockHttpServletResponse:
           Status = 200
    Error message = null
          Headers = [Content-Type:"application/json", X-Content-Type-Options:"nosniff", X-XSS-Protection:"0", Cache-Control:"no-cache, no-store, max-age=0, must-revalidate", Pragma:"no-cache", Expires:"0", Strict-Transport-Security:"max-age=31536000 ; includeSubDomains", X-Frame-Options:"DENY"]
     Content type = application/json
             Body = {"id":1,"title":"제목","content":"내용"}
    Forwarded URL = null
   Redirected URL = null
          Cookies = []
2023-10-01T08:11:44.478+09:00  INFO 2067 --- [    Test worker] Spring Security Debugger                 : 

************************************************************

Request received for POST '/posts':

org.springframework.session.web.http.SessionRepositoryFilter$SessionRepositoryRequestWrapper@28459752

servletPath:
pathInfo:/posts
headers: 
Content-Type: application/json;charset=UTF-8
Accept: application/json
Content-Length: 37


Security filter chain: [
  DisableEncodeUrlFilter
  WebAsyncManagerIntegrationFilter
  SecurityContextHolderFilter
  HeaderWriterFilter
  LogoutFilter
  EmailPasswordAuthFilter
  RequestCacheAwareFilter
  SecurityContextHolderAwareRequestFilter
  RememberMeAuthenticationFilter
  AnonymousAuthenticationFilter
  ExceptionTranslationFilter
  AuthorizationFilter
]


************************************************************



MockHttpServletRequest:
      HTTP Method = POST
      Request URI = /posts
       Parameters = {}
          Headers = [Content-Type:"application/json;charset=UTF-8", Accept:"application/json", Content-Length:"37"]
             Body = {"title":"제목","content":"내용"}
    Session Attrs = {SPRING_SECURITY_CONTEXT=SecurityContextImpl [Authentication=UsernamePasswordAuthenticationToken [Principal=org.springframework.security.core.userdetails.User [Username=sdsd98987@gmail.com, Password=[PROTECTED], Enabled=true, AccountNonExpired=true, credentialsNonExpired=true, AccountNonLocked=true, Granted Authorities=[ROLE_ADMIN]], Credentials=[PROTECTED], Authenticated=true, Details=null, Granted Authorities=[ROLE_ADMIN]]]}

Handler:
             Type = com.musiclog.controller.PostController
           Method = com.musiclog.controller.PostController#post(PostCreate)

Async:
    Async started = false
     Async result = null

Resolved Exception:
             Type = null

ModelAndView:
        View name = null
             View = null
            Model = null

FlashMap:
       Attributes = null

MockHttpServletResponse:
           Status = 200
    Error message = null
          Headers = [X-Content-Type-Options:"nosniff", X-XSS-Protection:"0", Cache-Control:"no-cache, no-store, max-age=0, must-revalidate", Pragma:"no-cache", Expires:"0", Strict-Transport-Security:"max-age=31536000 ; includeSubDomains", X-Frame-Options:"DENY"]
     Content type = null
             Body = 
    Forwarded URL = null
   Redirected URL = null
          Cookies = []
]]></system-out>
  <system-err><![CDATA[]]></system-err>
</testsuite>
