<?xml version="1.0" encoding="UTF-8"?>
<testsuite name="com.musiclog.controller.AuthControllerTest" tests="1" skipped="0" failures="0" errors="0" timestamp="2023-09-26T17:27:47" hostname="jeongsang-yun-ui-MacBookAir.local" time="0.858">
  <properties/>
  <testcase name="회원가입" classname="com.musiclog.controller.AuthControllerTest" time="0.858"/>
  <system-out><![CDATA[02:27:44.628 [Test worker] INFO org.springframework.test.context.support.AnnotationConfigContextLoaderUtils -- Could not detect default configuration classes for test class [com.musiclog.controller.AuthControllerTest]: AuthControllerTest does not declare any static, non-private, non-final, nested classes annotated with @Configuration.
02:27:44.754 [Test worker] INFO org.springframework.boot.test.context.SpringBootTestContextBootstrapper -- Found @SpringBootConfiguration com.musiclog.MusiclogApplication for test class com.musiclog.controller.AuthControllerTest

  .   ____          _            __ _ _
 /\\ / ___'_ __ _ _(_)_ __  __ _ \ \ \ \
( ( )\___ | '_ | '_| | '_ \/ _` | \ \ \ \
 \\/  ___)| |_)| | | | | || (_| |  ) ) ) )
  '  |____| .__|_| |_|_| |_\__, | / / / /
 =========|_|==============|___/=/_/_/_/
 :: Spring Boot ::                (v3.1.1)

2023-09-27T02:27:45.078+09:00  INFO 38434 --- [    Test worker] c.m.controller.AuthControllerTest        : Starting AuthControllerTest using Java 17.0.7 with PID 38434 (started by jeongsang-yun in /Users/jeongsang-yun/Documents/GitHub/musiclog/musicLog)
2023-09-27T02:27:45.079+09:00  INFO 38434 --- [    Test worker] c.m.controller.AuthControllerTest        : No active profile set, falling back to 1 default profile: "default"
2023-09-27T02:27:45.661+09:00  INFO 38434 --- [    Test worker] .s.d.r.c.RepositoryConfigurationDelegate : Bootstrapping Spring Data JPA repositories in DEFAULT mode.
2023-09-27T02:27:45.734+09:00  INFO 38434 --- [    Test worker] .s.d.r.c.RepositoryConfigurationDelegate : Finished Spring Data repository scanning in 64 ms. Found 3 JPA repository interfaces.
2023-09-27T02:27:46.060+09:00  INFO 38434 --- [    Test worker] com.zaxxer.hikari.HikariDataSource       : HikariPool-1 - Starting...
2023-09-27T02:27:46.202+09:00  INFO 38434 --- [    Test worker] com.zaxxer.hikari.pool.HikariPool        : HikariPool-1 - Added connection conn0: url=jdbc:h2:mem:musiclog:NON_KEYWORDS=USER user=SA
2023-09-27T02:27:46.203+09:00  INFO 38434 --- [    Test worker] com.zaxxer.hikari.HikariDataSource       : HikariPool-1 - Start completed.
2023-09-27T02:27:46.244+09:00  INFO 38434 --- [    Test worker] o.hibernate.jpa.internal.util.LogHelper  : HHH000204: Processing PersistenceUnitInfo [name: default]
2023-09-27T02:27:46.288+09:00  INFO 38434 --- [    Test worker] org.hibernate.Version                    : HHH000412: Hibernate ORM core version 6.2.5.Final
2023-09-27T02:27:46.289+09:00  INFO 38434 --- [    Test worker] org.hibernate.cfg.Environment            : HHH000406: Using bytecode reflection optimizer
2023-09-27T02:27:46.386+09:00  INFO 38434 --- [    Test worker] o.h.b.i.BytecodeProviderInitiator        : HHH000021: Bytecode provider name : bytebuddy
2023-09-27T02:27:46.477+09:00  INFO 38434 --- [    Test worker] o.s.o.j.p.SpringPersistenceUnitInfo      : No LoadTimeWeaver setup: ignoring JPA class transformer
2023-09-27T02:27:46.656+09:00  INFO 38434 --- [    Test worker] o.h.b.i.BytecodeProviderInitiator        : HHH000021: Bytecode provider name : bytebuddy
2023-09-27T02:27:47.138+09:00  INFO 38434 --- [    Test worker] o.h.e.t.j.p.i.JtaPlatformInitiator       : HHH000490: Using JtaPlatform implementation: [org.hibernate.engine.transaction.jta.platform.internal.NoJtaPlatform]
2023-09-27T02:27:47.172+09:00  INFO 38434 --- [    Test worker] j.LocalContainerEntityManagerFactoryBean : Initialized JPA EntityManagerFactory for persistence unit 'default'
2023-09-27T02:27:47.556+09:00  WARN 38434 --- [    Test worker] JpaBaseConfiguration$JpaWebConfiguration : spring.jpa.open-in-view is enabled by default. Therefore, database queries may be performed during view rendering. Explicitly configure spring.jpa.open-in-view to disable this warning
2023-09-27T02:27:47.835+09:00  INFO 38434 --- [    Test worker] o.s.b.a.h2.H2ConsoleAutoConfiguration    : H2 console available at '/h2-console'. Database available at 'jdbc:h2:mem:musiclog:NON_KEYWORDS=USER'
2023-09-27T02:27:47.879+09:00  INFO 38434 --- [    Test worker] o.s.b.t.m.w.SpringBootMockServletContext : Initializing Spring TestDispatcherServlet ''
2023-09-27T02:27:47.879+09:00  INFO 38434 --- [    Test worker] o.s.t.web.servlet.TestDispatcherServlet  : Initializing Servlet ''
2023-09-27T02:27:47.883+09:00  INFO 38434 --- [    Test worker] o.s.t.web.servlet.TestDispatcherServlet  : Completed initialization in 0 ms
2023-09-27T02:27:47.917+09:00  INFO 38434 --- [    Test worker] c.m.controller.AuthControllerTest        : Started AuthControllerTest in 3.039 seconds (process running for 4.065)

MockHttpServletRequest:
      HTTP Method = POST
      Request URI = /auth/signup
       Parameters = {}
          Headers = [Content-Type:"application/json;charset=UTF-8", Content-Length:"68"]
             Body = {"email":"sdsd98987@gmail.com","password":"1234","name":"정상윤"}
    Session Attrs = {}

Handler:
             Type = com.musiclog.controller.AuthController
           Method = com.musiclog.controller.AuthController#signup(Signup)

Async:
    Async started = false
     Async result = null

Resolved Exception:
             Type = null

ModelAndView:
        View name = null
             View = null
            Model = null

FlashMap:
       Attributes = null

MockHttpServletResponse:
           Status = 200
    Error message = null
          Headers = []
     Content type = null
             Body = 
    Forwarded URL = null
   Redirected URL = null
          Cookies = []
]]></system-out>
  <system-err><![CDATA[]]></system-err>
</testsuite>
