<?xml version="1.0" encoding="UTF-8"?>
<testsuite name="com.musiclog.service.PostServiceTest" tests="9" skipped="0" failures="0" errors="0" timestamp="2023-09-26T17:27:50" hostname="jeongsang-yun-ui-MacBookAir.local" time="0.155">
  <properties/>
  <testcase name="글 작성" classname="com.musiclog.service.PostServiceTest" time="0.012"/>
  <testcase name="글 1개 조회" classname="com.musiclog.service.PostServiceTest" time="0.009"/>
  <testcase name="글 여러개 조회" classname="com.musiclog.service.PostServiceTest" time="0.052"/>
  <testcase name="글 제목 수정" classname="com.musiclog.service.PostServiceTest" time="0.028"/>
  <testcase name="글 내용 수정" classname="com.musiclog.service.PostServiceTest" time="0.011"/>
  <testcase name="게시글 삭제" classname="com.musiclog.service.PostServiceTest" time="0.013"/>
  <testcase name="글 1개 조회 - 존재하지 않는 글" classname="com.musiclog.service.PostServiceTest" time="0.008"/>
  <testcase name="게시글 삭제 - 존재하지 않는 글" classname="com.musiclog.service.PostServiceTest" time="0.008"/>
  <testcase name="글 내용 수정 - 존재하지 않는 글" classname="com.musiclog.service.PostServiceTest" time="0.007"/>
  <system-out><![CDATA[2023-09-27T02:27:50.978+09:00  INFO 38434 --- [    Test worker] t.c.s.AnnotationConfigContextLoaderUtils : Could not detect default configuration classes for test class [com.musiclog.service.PostServiceTest]: PostServiceTest does not declare any static, non-private, non-final, nested classes annotated with @Configuration.
2023-09-27T02:27:50.985+09:00  INFO 38434 --- [    Test worker] .b.t.c.SpringBootTestContextBootstrapper : Found @SpringBootConfiguration com.musiclog.MusiclogApplication for test class com.musiclog.service.PostServiceTest
]]></system-out>
  <system-err><![CDATA[]]></system-err>
</testsuite>
