<?xml version="1.0" encoding="UTF-8"?>
<testsuite name="com.musiclog.controller.PostControllerDocTest" tests="2" skipped="0" failures="0" errors="0" timestamp="2023-10-08T12:31:59" hostname="jeongsang-yun-ui-MacBookAir.local" time="0.071">
  <properties/>
  <testcase name="글 단건 조회" classname="com.musiclog.controller.PostControllerDocTest" time="0.045"/>
  <testcase name="글 등록" classname="com.musiclog.controller.PostControllerDocTest" time="0.025"/>
  <system-out><![CDATA[2023-10-08T21:31:59.445+09:00  INFO 11619 --- [    Test worker] t.c.s.AnnotationConfigContextLoaderUtils : Could not detect default configuration classes for test class [com.musiclog.controller.PostControllerDocTest]: PostControllerDocTest does not declare any static, non-private, non-final, nested classes annotated with @Configuration.
2023-10-08T21:31:59.447+09:00  INFO 11619 --- [    Test worker] .b.t.c.SpringBootTestContextBootstrapper : Found @SpringBootConfiguration com.musiclog.MusiclogApplication for test class com.musiclog.controller.PostControllerDocTest

  .   ____          _            __ _ _
 /\\ / ___'_ __ _ _(_)_ __  __ _ \ \ \ \
( ( )\___ | '_ | '_| | '_ \/ _` | \ \ \ \
 \\/  ___)| |_)| | | | | || (_| |  ) ) ) )
  '  |____| .__|_| |_|_| |_\__, | / / / /
 =========|_|==============|___/=/_/_/_/
 :: Spring Boot ::                (v3.1.4)

2023-10-08T21:31:59.461+09:00  INFO 11619 --- [    Test worker] c.m.controller.PostControllerDocTest     : Starting PostControllerDocTest using Java 17.0.7 with PID 11619 (started by jeongsang-yun in /Users/jeongsang-yun/Documents/GitHub/musiclog)
2023-10-08T21:31:59.461+09:00  INFO 11619 --- [    Test worker] c.m.controller.PostControllerDocTest     : No active profile set, falling back to 1 default profile: "default"
2023-10-08T21:31:59.564+09:00  INFO 11619 --- [    Test worker] .s.d.r.c.RepositoryConfigurationDelegate : Bootstrapping Spring Data JPA repositories in DEFAULT mode.
2023-10-08T21:31:59.579+09:00  INFO 11619 --- [    Test worker] .s.d.r.c.RepositoryConfigurationDelegate : Finished Spring Data repository scanning in 14 ms. Found 3 JPA repository interfaces.
2023-10-08T21:31:59.643+09:00  INFO 11619 --- [    Test worker] com.zaxxer.hikari.HikariDataSource       : HikariPool-3 - Starting...
2023-10-08T21:31:59.643+09:00  INFO 11619 --- [    Test worker] com.zaxxer.hikari.pool.HikariPool        : HikariPool-3 - Added connection conn20: url=jdbc:h2:mem:musiclog:NON_KEYWORDS=USER user=SA
2023-10-08T21:31:59.644+09:00  INFO 11619 --- [    Test worker] com.zaxxer.hikari.HikariDataSource       : HikariPool-3 - Start completed.
2023-10-08T21:31:59.644+09:00  INFO 11619 --- [    Test worker] o.hibernate.jpa.internal.util.LogHelper  : HHH000204: Processing PersistenceUnitInfo [name: default]
2023-10-08T21:31:59.648+09:00  INFO 11619 --- [    Test worker] o.h.b.i.BytecodeProviderInitiator        : HHH000021: Bytecode provider name : bytebuddy
2023-10-08T21:31:59.649+09:00  INFO 11619 --- [    Test worker] o.s.o.j.p.SpringPersistenceUnitInfo      : No LoadTimeWeaver setup: ignoring JPA class transformer
2023-10-08T21:31:59.657+09:00  INFO 11619 --- [    Test worker] o.h.b.i.BytecodeProviderInitiator        : HHH000021: Bytecode provider name : bytebuddy
2023-10-08T21:31:59.684+09:00  INFO 11619 --- [    Test worker] o.h.e.t.j.p.i.JtaPlatformInitiator       : HHH000490: Using JtaPlatform implementation: [org.hibernate.engine.transaction.jta.platform.internal.NoJtaPlatform]
2023-10-08T21:31:59.688+09:00  INFO 11619 --- [    Test worker] j.LocalContainerEntityManagerFactoryBean : Initialized JPA EntityManagerFactory for persistence unit 'default'
2023-10-08T21:31:59.802+09:00  WARN 11619 --- [    Test worker] JpaBaseConfiguration$JpaWebConfiguration : spring.jpa.open-in-view is enabled by default. Therefore, database queries may be performed during view rendering. Explicitly configure spring.jpa.open-in-view to disable this warning
2023-10-08T21:31:59.823+09:00  INFO 11619 --- [    Test worker] o.s.s.web.DefaultSecurityFilterChain     : Will secure any request with [org.springframework.security.web.session.DisableEncodeUrlFilter@b7a74ac, org.springframework.security.web.context.request.async.WebAsyncManagerIntegrationFilter@54077082, org.springframework.security.web.context.SecurityContextHolderFilter@6b861a26, org.springframework.security.web.header.HeaderWriterFilter@68ba2801, org.springframework.security.web.authentication.logout.LogoutFilter@4d0ec988, com.musiclog.config.filter.EmailPasswordAuthFilter@728c3a0e, org.springframework.security.web.savedrequest.RequestCacheAwareFilter@3db32d5, org.springframework.security.web.servletapi.SecurityContextHolderAwareRequestFilter@2f41798d, org.springframework.security.web.authentication.rememberme.RememberMeAuthenticationFilter@3003b9ad, org.springframework.security.web.authentication.AnonymousAuthenticationFilter@63c8d3da, org.springframework.security.web.access.ExceptionTranslationFilter@485c8d5e, org.springframework.security.web.access.intercept.AuthorizationFilter@33b09909]
2023-10-08T21:31:59.824+09:00  WARN 11619 --- [    Test worker] o.s.s.c.a.web.builders.WebSecurity       : You are asking Spring Security to ignore Ant [pattern='/favicon.ico']. This is not recommended -- please use permitAll via HttpSecurity#authorizeHttpRequests instead.
2023-10-08T21:31:59.824+09:00  INFO 11619 --- [    Test worker] o.s.s.web.DefaultSecurityFilterChain     : Will not secure Ant [pattern='/favicon.ico']
2023-10-08T21:31:59.824+09:00  WARN 11619 --- [    Test worker] o.s.s.c.a.web.builders.WebSecurity       : You are asking Spring Security to ignore Ant [pattern='/error']. This is not recommended -- please use permitAll via HttpSecurity#authorizeHttpRequests instead.
2023-10-08T21:31:59.824+09:00  INFO 11619 --- [    Test worker] o.s.s.web.DefaultSecurityFilterChain     : Will not secure Ant [pattern='/error']
2023-10-08T21:31:59.824+09:00  WARN 11619 --- [    Test worker] o.s.s.c.a.web.builders.WebSecurity       : You are asking Spring Security to ignore org.springframework.boot.autoconfigure.security.servlet.PathRequest$H2ConsoleRequestMatcher@4c0e2715. This is not recommended -- please use permitAll via HttpSecurity#authorizeHttpRequests instead.
2023-10-08T21:31:59.824+09:00  INFO 11619 --- [    Test worker] o.s.s.web.DefaultSecurityFilterChain     : Will not secure org.springframework.boot.autoconfigure.security.servlet.PathRequest$H2ConsoleRequestMatcher@4c0e2715
2023-10-08T21:31:59.825+09:00  WARN 11619 --- [    Test worker] o.s.s.c.a.web.builders.WebSecurity       : 

********************************************************************
**********        Security debugging is enabled.       *************
**********    This may include sensitive information.  *************
**********      Do not use in a production system!     *************
********************************************************************


2023-10-08T21:31:59.902+09:00  INFO 11619 --- [    Test worker] o.s.b.a.h2.H2ConsoleAutoConfiguration    : H2 console available at '/h2-console'. Database available at 'jdbc:h2:mem:musiclog:NON_KEYWORDS=USER'
2023-10-08T21:31:59.951+09:00  INFO 11619 --- [    Test worker] o.s.b.t.m.w.SpringBootMockServletContext : Initializing Spring TestDispatcherServlet ''
2023-10-08T21:31:59.951+09:00  INFO 11619 --- [    Test worker] o.s.t.web.servlet.TestDispatcherServlet  : Initializing Servlet ''
2023-10-08T21:31:59.952+09:00  INFO 11619 --- [    Test worker] o.s.t.web.servlet.TestDispatcherServlet  : Completed initialization in 1 ms
2023-10-08T21:31:59.958+09:00  INFO 11619 --- [    Test worker] c.m.controller.PostControllerDocTest     : Started PostControllerDocTest in 0.507 seconds (process running for 6.957)
2023-10-08T21:31:59.969+09:00  INFO 11619 --- [    Test worker] Spring Security Debugger                 : 

************************************************************

Request received for GET '/posts/1':

org.springframework.session.web.http.SessionRepositoryFilter$SessionRepositoryRequestWrapper@10762309

servletPath:
pathInfo:/posts/1
headers: 
Accept: application/json


Security filter chain: [
  DisableEncodeUrlFilter
  WebAsyncManagerIntegrationFilter
  SecurityContextHolderFilter
  HeaderWriterFilter
  LogoutFilter
  EmailPasswordAuthFilter
  RequestCacheAwareFilter
  SecurityContextHolderAwareRequestFilter
  RememberMeAuthenticationFilter
  AnonymousAuthenticationFilter
  ExceptionTranslationFilter
  AuthorizationFilter
]


************************************************************



MockHttpServletRequest:
      HTTP Method = GET
      Request URI = /posts/1
       Parameters = {}
          Headers = [Accept:"application/json"]
             Body = null
    Session Attrs = {}

Handler:
             Type = com.musiclog.controller.PostController
           Method = com.musiclog.controller.PostController#get(Long)

Async:
    Async started = false
     Async result = null

Resolved Exception:
             Type = null

ModelAndView:
        View name = null
             View = null
            Model = null

FlashMap:
       Attributes = null

MockHttpServletResponse:
           Status = 200
    Error message = null
          Headers = [Content-Type:"application/json", X-Content-Type-Options:"nosniff", X-XSS-Protection:"0", Cache-Control:"no-cache, no-store, max-age=0, must-revalidate", Pragma:"no-cache", Expires:"0", Strict-Transport-Security:"max-age=31536000 ; includeSubDomains", X-Frame-Options:"DENY"]
     Content type = application/json
             Body = {"id":1,"title":"제목","content":"내용"}
    Forwarded URL = null
   Redirected URL = null
          Cookies = []
2023-10-08T21:32:00.010+09:00  INFO 11619 --- [    Test worker] Spring Security Debugger                 : 

************************************************************

Request received for POST '/posts':

org.springframework.session.web.http.SessionRepositoryFilter$SessionRepositoryRequestWrapper@425b142e

servletPath:
pathInfo:/posts
headers: 
Content-Type: application/json;charset=UTF-8
Accept: application/json
Content-Length: 37


Security filter chain: [
  DisableEncodeUrlFilter
  WebAsyncManagerIntegrationFilter
  SecurityContextHolderFilter
  HeaderWriterFilter
  LogoutFilter
  EmailPasswordAuthFilter
  RequestCacheAwareFilter
  SecurityContextHolderAwareRequestFilter
  RememberMeAuthenticationFilter
  AnonymousAuthenticationFilter
  ExceptionTranslationFilter
  AuthorizationFilter
]


************************************************************



MockHttpServletRequest:
      HTTP Method = POST
      Request URI = /posts
       Parameters = {}
          Headers = [Content-Type:"application/json;charset=UTF-8", Accept:"application/json", Content-Length:"37"]
             Body = {"title":"제목","content":"내용"}
    Session Attrs = {SPRING_SECURITY_CONTEXT=SecurityContextImpl [Authentication=UsernamePasswordAuthenticationToken [Principal=com.musiclog.config.UserPrincipal [Username=sdsd98987@gmail.com, Password=[PROTECTED], Enabled=true, AccountNonExpired=true, credentialsNonExpired=true, AccountNonLocked=true, Granted Authorities=[ROLE_ADMIN]], Credentials=[PROTECTED], Authenticated=true, Details=null, Granted Authorities=[ROLE_ADMIN]]]}

Handler:
             Type = com.musiclog.controller.PostController
           Method = com.musiclog.controller.PostController#post(UserPrincipal, PostCreate)

Async:
    Async started = false
     Async result = null

Resolved Exception:
             Type = null

ModelAndView:
        View name = null
             View = null
            Model = null

FlashMap:
       Attributes = null

MockHttpServletResponse:
           Status = 200
    Error message = null
          Headers = [X-Content-Type-Options:"nosniff", X-XSS-Protection:"0", Cache-Control:"no-cache, no-store, max-age=0, must-revalidate", Pragma:"no-cache", Expires:"0", Strict-Transport-Security:"max-age=31536000 ; includeSubDomains", X-Frame-Options:"DENY"]
     Content type = null
             Body = 
    Forwarded URL = null
   Redirected URL = null
          Cookies = []
]]></system-out>
  <system-err><![CDATA[]]></system-err>
</testsuite>
