<?xml version="1.0" encoding="UTF-8"?>
<testsuite name="com.musiclog.controller.PostControllerDocTest" tests="2" skipped="0" failures="0" errors="0" timestamp="2023-09-26T17:27:50" hostname="jeongsang-yun-ui-MacBookAir.local" time="0.068">
  <properties/>
  <testcase name="글 단건 조회" classname="com.musiclog.controller.PostControllerDocTest" time="0.048"/>
  <testcase name="글 등록" classname="com.musiclog.controller.PostControllerDocTest" time="0.02"/>
  <system-out><![CDATA[2023-09-27T02:27:49.425+09:00  INFO 38434 --- [    Test worker] t.c.s.AnnotationConfigContextLoaderUtils : Could not detect default configuration classes for test class [com.musiclog.controller.PostControllerDocTest]: PostControllerDocTest does not declare any static, non-private, non-final, nested classes annotated with @Configuration.
2023-09-27T02:27:49.428+09:00  INFO 38434 --- [    Test worker] .b.t.c.SpringBootTestContextBootstrapper : Found @SpringBootConfiguration com.musiclog.MusiclogApplication for test class com.musiclog.controller.PostControllerDocTest

  .   ____          _            __ _ _
 /\\ / ___'_ __ _ _(_)_ __  __ _ \ \ \ \
( ( )\___ | '_ | '_| | '_ \/ _` | \ \ \ \
 \\/  ___)| |_)| | | | | || (_| |  ) ) ) )
  '  |____| .__|_| |_|_| |_\__, | / / / /
 =========|_|==============|___/=/_/_/_/
 :: Spring Boot ::                (v3.1.1)

2023-09-27T02:27:49.452+09:00  INFO 38434 --- [    Test worker] c.m.controller.PostControllerDocTest     : Starting PostControllerDocTest using Java 17.0.7 with PID 38434 (started by jeongsang-yun in /Users/jeongsang-yun/Documents/GitHub/musiclog/musicLog)
2023-09-27T02:27:49.452+09:00  INFO 38434 --- [    Test worker] c.m.controller.PostControllerDocTest     : No active profile set, falling back to 1 default profile: "default"
2023-09-27T02:27:49.682+09:00  INFO 38434 --- [    Test worker] .s.d.r.c.RepositoryConfigurationDelegate : Bootstrapping Spring Data JPA repositories in DEFAULT mode.
2023-09-27T02:27:49.698+09:00  INFO 38434 --- [    Test worker] .s.d.r.c.RepositoryConfigurationDelegate : Finished Spring Data repository scanning in 16 ms. Found 3 JPA repository interfaces.
2023-09-27T02:27:49.771+09:00  INFO 38434 --- [    Test worker] com.zaxxer.hikari.HikariDataSource       : HikariPool-2 - Starting...
2023-09-27T02:27:49.772+09:00  INFO 38434 --- [    Test worker] com.zaxxer.hikari.pool.HikariPool        : HikariPool-2 - Added connection conn10: url=jdbc:h2:mem:musiclog:NON_KEYWORDS=USER user=SA
2023-09-27T02:27:49.772+09:00  INFO 38434 --- [    Test worker] com.zaxxer.hikari.HikariDataSource       : HikariPool-2 - Start completed.
2023-09-27T02:27:49.774+09:00  INFO 38434 --- [    Test worker] o.hibernate.jpa.internal.util.LogHelper  : HHH000204: Processing PersistenceUnitInfo [name: default]
2023-09-27T02:27:49.779+09:00  INFO 38434 --- [    Test worker] o.h.b.i.BytecodeProviderInitiator        : HHH000021: Bytecode provider name : bytebuddy
2023-09-27T02:27:49.780+09:00  INFO 38434 --- [    Test worker] o.s.o.j.p.SpringPersistenceUnitInfo      : No LoadTimeWeaver setup: ignoring JPA class transformer
2023-09-27T02:27:49.791+09:00  INFO 38434 --- [    Test worker] o.h.b.i.BytecodeProviderInitiator        : HHH000021: Bytecode provider name : bytebuddy
2023-09-27T02:27:49.830+09:00  INFO 38434 --- [    Test worker] o.h.e.t.j.p.i.JtaPlatformInitiator       : HHH000490: Using JtaPlatform implementation: [org.hibernate.engine.transaction.jta.platform.internal.NoJtaPlatform]
2023-09-27T02:27:49.838+09:00  INFO 38434 --- [    Test worker] j.LocalContainerEntityManagerFactoryBean : Initialized JPA EntityManagerFactory for persistence unit 'default'
2023-09-27T02:27:49.939+09:00  WARN 38434 --- [    Test worker] JpaBaseConfiguration$JpaWebConfiguration : spring.jpa.open-in-view is enabled by default. Therefore, database queries may be performed during view rendering. Explicitly configure spring.jpa.open-in-view to disable this warning
2023-09-27T02:27:50.009+09:00  INFO 38434 --- [    Test worker] o.s.b.a.h2.H2ConsoleAutoConfiguration    : H2 console available at '/h2-console'. Database available at 'jdbc:h2:mem:musiclog:NON_KEYWORDS=USER'
2023-09-27T02:27:50.035+09:00  INFO 38434 --- [    Test worker] o.s.b.t.m.w.SpringBootMockServletContext : Initializing Spring TestDispatcherServlet ''
2023-09-27T02:27:50.035+09:00  INFO 38434 --- [    Test worker] o.s.t.web.servlet.TestDispatcherServlet  : Initializing Servlet ''
2023-09-27T02:27:50.036+09:00  INFO 38434 --- [    Test worker] o.s.t.web.servlet.TestDispatcherServlet  : Completed initialization in 1 ms
2023-09-27T02:27:50.042+09:00  INFO 38434 --- [    Test worker] c.m.controller.PostControllerDocTest     : Started PostControllerDocTest in 0.61 seconds (process running for 6.19)

MockHttpServletRequest:
      HTTP Method = GET
      Request URI = /posts/1
       Parameters = {}
          Headers = [Accept:"application/json"]
             Body = null
    Session Attrs = {}

Handler:
             Type = com.musiclog.controller.PostController
           Method = com.musiclog.controller.PostController#get(Long)

Async:
    Async started = false
     Async result = null

Resolved Exception:
             Type = null

ModelAndView:
        View name = null
             View = null
            Model = null

FlashMap:
       Attributes = null

MockHttpServletResponse:
           Status = 200
    Error message = null
          Headers = [Content-Type:"application/json"]
     Content type = application/json
             Body = {"id":1,"title":"제목","content":"내용"}
    Forwarded URL = null
   Redirected URL = null
          Cookies = []

MockHttpServletRequest:
      HTTP Method = POST
      Request URI = /posts
       Parameters = {}
          Headers = [Content-Type:"application/json;charset=UTF-8", Accept:"application/json", Content-Length:"37"]
             Body = {"title":"제목","content":"내용"}
    Session Attrs = {}

Handler:
             Type = com.musiclog.controller.PostController
           Method = com.musiclog.controller.PostController#post(PostCreate)

Async:
    Async started = false
     Async result = null

Resolved Exception:
             Type = null

ModelAndView:
        View name = null
             View = null
            Model = null

FlashMap:
       Attributes = null

MockHttpServletResponse:
           Status = 200
    Error message = null
          Headers = []
     Content type = null
             Body = 
    Forwarded URL = null
   Redirected URL = null
          Cookies = []
]]></system-out>
  <system-err><![CDATA[]]></system-err>
</testsuite>
