<?xml version="1.0" encoding="UTF-8"?>
<testsuite name="com.musiclog.controller.AuthControllerTest" tests="1" skipped="0" failures="0" errors="0" timestamp="2023-10-08T12:31:59" hostname="jeongsang-yun-ui-MacBookAir.local" time="0.159">
  <properties/>
  <testcase name="회원가입" classname="com.musiclog.controller.AuthControllerTest" time="0.159"/>
  <system-out><![CDATA[2023-10-08T21:31:59.279+09:00  INFO 11619 --- [    Test worker] t.c.s.AnnotationConfigContextLoaderUtils : Could not detect default configuration classes for test class [com.musiclog.controller.AuthControllerTest]: AuthControllerTest does not declare any static, non-private, non-final, nested classes annotated with @Configuration.
2023-10-08T21:31:59.281+09:00  INFO 11619 --- [    Test worker] .b.t.c.SpringBootTestContextBootstrapper : Found @SpringBootConfiguration com.musiclog.MusiclogApplication for test class com.musiclog.controller.AuthControllerTest
2023-10-08T21:31:59.286+09:00  INFO 11619 --- [    Test worker] Spring Security Debugger                 : 

************************************************************

Request received for POST '/auth/signup':

org.springframework.session.web.http.SessionRepositoryFilter$SessionRepositoryRequestWrapper@2e4084e0

servletPath:
pathInfo:/auth/signup
headers: 
Content-Type: application/json;charset=UTF-8
Content-Length: 68


Security filter chain: [
  DisableEncodeUrlFilter
  WebAsyncManagerIntegrationFilter
  SecurityContextHolderFilter
  HeaderWriterFilter
  LogoutFilter
  EmailPasswordAuthFilter
  RequestCacheAwareFilter
  SecurityContextHolderAwareRequestFilter
  RememberMeAuthenticationFilter
  AnonymousAuthenticationFilter
  ExceptionTranslationFilter
  AuthorizationFilter
]


************************************************************



MockHttpServletRequest:
      HTTP Method = POST
      Request URI = /auth/signup
       Parameters = {}
          Headers = [Content-Type:"application/json;charset=UTF-8", Content-Length:"68"]
             Body = {"email":"sdsd98987@gmail.com","password":"1234","name":"정상윤"}
    Session Attrs = {}

Handler:
             Type = com.musiclog.controller.AuthController
           Method = com.musiclog.controller.AuthController#signup(Signup)

Async:
    Async started = false
     Async result = null

Resolved Exception:
             Type = null

ModelAndView:
        View name = null
             View = null
            Model = null

FlashMap:
       Attributes = null

MockHttpServletResponse:
           Status = 200
    Error message = null
          Headers = [X-Content-Type-Options:"nosniff", X-XSS-Protection:"0", Cache-Control:"no-cache, no-store, max-age=0, must-revalidate", Pragma:"no-cache", Expires:"0", X-Frame-Options:"DENY"]
     Content type = null
             Body = 
    Forwarded URL = null
   Redirected URL = null
          Cookies = []
]]></system-out>
  <system-err><![CDATA[]]></system-err>
</testsuite>
